#
# A fatal error has been detected by the Java Runtime Environment:
#
#  SIGSEGV (0xb) at pc=0x00007f65365c2a1c, pid=14252, tid=140072455223040
#
# JRE version: Java(TM) SE Runtime Environment (7.0_55-b13) (build 1.7.0_55-b13)
# Java VM: Java HotSpot(TM) 64-Bit Server VM (24.55-b03 mixed mode linux-amd64 compressed oops)
# Problematic frame:
# V  [libjvm.so+0x51ca1c]  frame::sender(RegisterMap*) const+0x7c
#
# Failed to write core dump. Core dumps have been disabled. To enable core dumping, try "ulimit -c unlimited" before starting Java again
#
# If you would like to submit a bug report, please visit:
#   http://bugreport.sun.com/bugreport/crash.jsp
#

---------------  T H R E A D  ---------------

Current thread (0x00007f653009f800):  JavaThread "JDWP Transport Listener: dt_socket" daemon [_thread_in_vm, id=14269, stack(0x00007f6528dfb000,0x00007f6528efc000)]

siginfo:si_signo=SIGSEGV: si_errno=0, si_code=1 (SEGV_MAPERR), si_addr=0x0000000200000008

Registers:
RAX=0x0000000200000000, RBX=0x00007f6528efa000, RCX=0x00007f6500000d60, RDX=0x00007f6528ef9a40
RSP=0x00007f6528ef99c0, RBP=0x00007f6528ef99d0, RSI=0x00007f65084ac5e8, RDI=0x00007f652d005360
R8 =0x000000000000000b, R9 =0x0000000000000018, R10=0x00007f65084aade8, R11=0x00000000bee5c705
R12=0x00007f65084ac5e8, R13=0x00007f6528ef9a40, R14=0x00007f6528efa000, R15=0x00007f6536ee2450
RIP=0x00007f65365c2a1c, EFLAGS=0x0000000000010246, CSGSFS=0x0000000000000033, ERR=0x0000000000000004
  TRAPNO=0x000000000000000e

Top of Stack: (sp=0x00007f6528ef99c0)
0x00007f6528ef99c0:   00007f6528efa000 00007f65084ac5e8
0x00007f6528ef99d0:   00007f6528ef9a30 00007f65365bf4f8
0x00007f6528ef99e0:   00007f6528efa020 00007f6536a2f0c3
0x00007f6528ef99f0:   00007f6528efa030 00007f653000e000
0x00007f6528ef9a00:   00007f6528ef9a20 00007f65084abfe0
0x00007f6528ef9a10:   00007f65084abfe8 00007f65084ac5e0
0x00007f6528ef9a20:   00007f65084ac5e8 00007f6528ef9a40
0x00007f6528ef9a30:   00007f6528efa060 00007f6536a2f1c3
0x00007f6528ef9a40:   0000000000000000 0000000000000000
0x00007f6528ef9a50:   0000000000000000 0000000000000000
0x00007f6528ef9a60:   0000000000000000 0000000000000000
0x00007f6528ef9a70:   0000000000000000 0000000000000000
0x00007f6528ef9a80:   0000000000000000 0000000000000000
0x00007f6528ef9a90:   00007f6537a3c900 00007f6537a3c900
0x00007f6528ef9aa0:   0000000000000000 0000000000000000
0x00007f6528ef9ab0:   0000000000000000 0000000000000000
0x00007f6528ef9ac0:   0000000000000000 0000000000000000
0x00007f6528ef9ad0:   0000000000000000 0000000000000000
0x00007f6528ef9ae0:   0000000000000000 0000000000000000
0x00007f6528ef9af0:   0000000000000000 0000000000000000
0x00007f6528ef9b00:   0000000000000000 0000000000000000
0x00007f6528ef9b10:   0000000000000000 0000000000000000
0x00007f6528ef9b20:   0000000000000000 0000000000000000
0x00007f6528ef9b30:   0000000000000000 0000000000000000
0x00007f6528ef9b40:   0000000000000000 0000000000000000
0x00007f6528ef9b50:   0000000000000000 0000000000000000
0x00007f6528ef9b60:   0000000000000000 0000000000000000
0x00007f6528ef9b70:   0000000000000000 0000000000000000
0x00007f6528ef9b80:   0000000000000000 0000000000000000
0x00007f6528ef9b90:   0000000000000000 0000000000000000
0x00007f6528ef9ba0:   0000000000000000 0000000000000000
0x00007f6528ef9bb0:   0000000000000000 0000000000000000 

Instructions: (pc=0x00007f65365c2a1c)
0x00007f65365c29fc:   48 8d 04 07 48 39 c1 73 d8 48 89 df e8 03 fa ff
0x00007f65365c2a0c:   ff 48 89 d8 5b 41 5c c9 c3 0f 1f 00 48 8b 46 20
0x00007f65365c2a1c:   48 8b 78 08 48 8b 10 48 83 c0 10 48 89 03 48 89
0x00007f65365c2a2c:   43 28 48 89 53 20 48 89 7b 08 e8 25 45 f0 ff 48 

Register to memory mapping:

RAX=0x0000000200000000 is an unknown value
RBX=0x00007f6528efa000 is pointing into the stack for thread: 0x00007f653009f800
RCX=0x00007f6500000d60 is an unknown value
RDX=0x00007f6528ef9a40 is pointing into the stack for thread: 0x00007f653009f800
RSP=0x00007f6528ef99c0 is pointing into the stack for thread: 0x00007f653009f800
RBP=0x00007f6528ef99d0 is pointing into the stack for thread: 0x00007f653009f800
RSI=0x00007f65084ac5e8 is an unknown value
RDI=0x00007f652d005360 is pointing into interpreter code (not bytecode specific)
R8 =0x000000000000000b is an unknown value
R9 =0x0000000000000018 is an unknown value
R10=0x00007f65084aade8 is an unknown value
R11=0x00000000bee5c705 is pointing into object: 0x00000000bee5c690
{constMethod} 
 - klass: {other class}
 - constants:       0x00000000bee5b3f0 constant pool [461] for 'br/com/algoritmo/aplicacao/TrataString' cache=0x00000000bee5eab0
bci_from(0xbee5c705) = 53; print_codes():
R12=0x00007f65084ac5e8 is an unknown value
R13=0x00007f6528ef9a40 is pointing into the stack for thread: 0x00007f653009f800
R14=0x00007f6528efa000 is pointing into the stack for thread: 0x00007f653009f800
R15=0x00007f6536ee2450: <offset 0xe3c450> in /usr/lib/jvm/java-7-oracle/jre/lib/amd64/server/libjvm.so at 0x00007f65360a6000


Stack: [0x00007f6528dfb000,0x00007f6528efc000],  sp=0x00007f6528ef99c0,  free space=1018k
Native frames: (J=compiled Java code, j=interpreted, Vv=VM code, C=native code)
V  [libjvm.so+0x51ca1c]  frame::sender(RegisterMap*) const+0x7c
V  [libjvm.so+0x5194f8]  frame::real_sender(RegisterMap*) const+0x18
V  [libjvm.so+0x9891c3]  vframe::sender() const+0x63
V  [libjvm.so+0x98748a]  vframe::java_sender() const+0x2a
V  [libjvm.so+0x6dec73]  JvmtiEnvBase::vframeFor(JavaThread*, int)+0x63
V  [libjvm.so+0x6e05f6]  JvmtiEnvBase::get_frame_location(JavaThread*, int, _jmethodID**, long*)+0x86
V  [libjvm.so+0x6d4ba4]  JvmtiEnv::GetFrameLocation(JavaThread*, int, _jmethodID**, long*)+0xc4
V  [libjvm.so+0x699200]  jvmti_GetFrameLocation+0x2a0
C  [libjdwp.so+0xa944]  frames+0x234
C  [libjdwp.so+0x118e6]  debugLoop_run+0x2b6
C  [libjdwp.so+0x2432f]  attachThread+0x2f
V  [libjvm.so+0x6f45f7]  JvmtiAgentThread::call_start_function()+0x97
V  [libjvm.so+0x94d70f]  JavaThread::thread_main_inner()+0xdf
V  [libjvm.so+0x94d815]  JavaThread::run()+0xf5
V  [libjvm.so+0x815668]  java_start(Thread*)+0x108


---------------  P R O C E S S  ---------------

Java Threads: ( => current thread )
  0x00007f6504001000 JavaThread "SIGTERM handler" daemon [_thread_blocked, id=14292, stack(0x00007f6528bf9000,0x00007f6528cfa000)]
  0x00007f65300ab000 JavaThread "Service Thread" daemon [_thread_blocked, id=14279, stack(0x00007f65288f6000,0x00007f65289f7000)]
  0x00007f65300a8800 JavaThread "C2 CompilerThread1" daemon [_thread_blocked, id=14278, stack(0x00007f65289f7000,0x00007f6528af8000)]
  0x00007f65300a5800 JavaThread "C2 CompilerThread0" daemon [_thread_blocked, id=14277, stack(0x00007f6528af8000,0x00007f6528bf9000)]
  0x00007f65300a3800 JavaThread "JDWP Event Helper Thread" daemon [_thread_blocked, id=14271, stack(0x00007f6528cfa000,0x00007f6528dfb000)]
=>0x00007f653009f800 JavaThread "JDWP Transport Listener: dt_socket" daemon [_thread_in_vm, id=14269, stack(0x00007f6528dfb000,0x00007f6528efc000)]
  0x00007f6530074000 JavaThread "Finalizer" daemon [_thread_blocked, id=14266, stack(0x00007f6529201000,0x00007f6529302000)]
  0x00007f6530070000 JavaThread "Reference Handler" daemon [_thread_blocked, id=14265, stack(0x00007f6529302000,0x00007f6529403000)]
  0x00007f653000e000 JavaThread "main" [_thread_blocked, id=14254, stack(0x00007f6537a09000,0x00007f6537b0a000)]

Other Threads:
  0x00007f653006d800 VMThread [stack: 0x00007f6529403000,0x00007f6529504000] [id=14264]

VM state:synchronizing (normal execution)

VM Mutex/Monitor currently owned by a thread:  ([mutex/lock_event])
[0x00007f653000a190] Threads_lock - owner thread: 0x00007f653006d800

Heap
 PSYoungGen      total 33280K, used 8140K [0x00000000ebf00000, 0x00000000f0500000, 0x0000000100000000)
  eden space 30720K, 18% used [0x00000000ebf00000,0x00000000ec477438,0x00000000edd00000)
  from space 2560K, 99% used [0x00000000edd00000,0x00000000edf7bfa0,0x00000000edf80000)
  to   space 5120K, 0% used [0x00000000f0000000,0x00000000f0000000,0x00000000f0500000)
 ParOldGen       total 40960K, used 5473K [0x00000000c3e00000, 0x00000000c6600000, 0x00000000ebf00000)
  object space 40960K, 13% used [0x00000000c3e00000,0x00000000c43585f0,0x00000000c6600000)
 PSPermGen       total 21504K, used 10279K [0x00000000bec00000, 0x00000000c0100000, 0x00000000c3e00000)
  object space 21504K, 47% used [0x00000000bec00000,0x00000000bf609e80,0x00000000c0100000)

Card table byte_map: [0x00007f652cdf5000,0x00007f652d000000] byte_map_base: 0x00007f652c7ff000

Polling page: 0x00007f6537b2b000

Code Cache  [0x00007f652d000000, 0x00007f652d270000, 0x00007f6530000000)
 total_blobs=542 nmethods=264 adapters=239 free_code_cache=47828Kb largest_free_block=48934976

Compilation events (10 events):
Event: 2,398 Thread 0x00007f65300a5800 nmethod 264 0x00007f652d091810 code [0x00007f652d091940, 0x00007f652d091978]
Event: 2,399 Thread 0x00007f65300a5800  265   !         java.io.BufferedReader::readLine (304 bytes)
Event: 2,420 Thread 0x00007f65300a8800 nmethod 261 0x00007f652d150f90 code [0x00007f652d1512c0, 0x00007f652d153038]
Event: 2,431 Thread 0x00007f65300a5800 nmethod 265 0x00007f652d075490 code [0x00007f652d075660, 0x00007f652d076c48]
Event: 3,535 Thread 0x00007f65300a8800  266             com.hp.hpl.jena.graph.Triple::access$200 (5 bytes)
Event: 3,536 Thread 0x00007f65300a8800 nmethod 266 0x00007f652d067810 code [0x00007f652d067940, 0x00007f652d0679b8]
Event: 3,541 Thread 0x00007f65300a5800  267             br.com.algoritmo.extracao.web.SinonimosEn::<init> (5 bytes)
Event: 3,541 Thread 0x00007f65300a8800  268             br.com.algoritmo.extracao.web.SinonimosBr::<init> (5 bytes)
Event: 3,542 Thread 0x00007f65300a5800 nmethod 267 0x00007f652d14ca10 code [0x00007f652d14cb40, 0x00007f652d14cb98]
Event: 3,542 Thread 0x00007f65300a8800 nmethod 268 0x00007f652d14c810 code [0x00007f652d14c940, 0x00007f652d14c998]

GC Heap History (10 events):
Event: 0,706 GC heap before
{Heap before GC invocations=1 (full 0):
 PSYoungGen      total 17920K, used 15360K [0x00000000ebf00000, 0x00000000ed300000, 0x0000000100000000)
  eden space 15360K, 100% used [0x00000000ebf00000,0x00000000ece00000,0x00000000ece00000)
  from space 2560K, 0% used [0x00000000ed080000,0x00000000ed080000,0x00000000ed300000)
  to   space 2560K, 0% used [0x00000000ece00000,0x00000000ece00000,0x00000000ed080000)
 ParOldGen       total 40960K, used 0K [0x00000000c3e00000, 0x00000000c6600000, 0x00000000ebf00000)
  object space 40960K, 0% used [0x00000000c3e00000,0x00000000c3e00000,0x00000000c6600000)
 PSPermGen       total 21504K, used 5726K [0x00000000bec00000, 0x00000000c0100000, 0x00000000c3e00000)
  object space 21504K, 26% used [0x00000000bec00000,0x00000000bf197858,0x00000000c0100000)
Event: 0,711 GC heap after
Heap after GC invocations=1 (full 0):
 PSYoungGen      total 17920K, used 2531K [0x00000000ebf00000, 0x00000000ed300000, 0x0000000100000000)
  eden space 15360K, 0% used [0x00000000ebf00000,0x00000000ebf00000,0x00000000ece00000)
  from space 2560K, 98% used [0x00000000ece00000,0x00000000ed078f50,0x00000000ed080000)
  to   space 2560K, 0% used [0x00000000ed080000,0x00000000ed080000,0x00000000ed300000)
 ParOldGen       total 40960K, used 820K [0x00000000c3e00000, 0x00000000c6600000, 0x00000000ebf00000)
  object space 40960K, 2% used [0x00000000c3e00000,0x00000000c3ecd100,0x00000000c6600000)
 PSPermGen       total 21504K, used 5726K [0x00000000bec00000, 0x00000000c0100000, 0x00000000c3e00000)
  object space 21504K, 26% used [0x00000000bec00000,0x00000000bf197858,0x00000000c0100000)
}
Event: 1,194 GC heap before
{Heap before GC invocations=2 (full 0):
 PSYoungGen      total 17920K, used 17891K [0x00000000ebf00000, 0x00000000ed300000, 0x0000000100000000)
  eden space 15360K, 100% used [0x00000000ebf00000,0x00000000ece00000,0x00000000ece00000)
  from space 2560K, 98% used [0x00000000ece00000,0x00000000ed078f50,0x00000000ed080000)
  to   space 2560K, 0% used [0x00000000ed080000,0x00000000ed080000,0x00000000ed300000)
 ParOldGen       total 40960K, used 820K [0x00000000c3e00000, 0x00000000c6600000, 0x00000000ebf00000)
  object space 40960K, 2% used [0x00000000c3e00000,0x00000000c3ecd100,0x00000000c6600000)
 PSPermGen       total 21504K, used 7678K [0x00000000bec00000, 0x00000000c0100000, 0x00000000c3e00000)
  object space 21504K, 35% used [0x00000000bec00000,0x00000000bf37f9b0,0x00000000c0100000)
Event: 1,200 GC heap after
Heap after GC invocations=2 (full 0):
 PSYoungGen      total 17920K, used 2546K [0x00000000ebf00000, 0x00000000ed300000, 0x0000000100000000)
  eden space 15360K, 0% used [0x00000000ebf00000,0x00000000ebf00000,0x00000000ece00000)
  from space 2560K, 99% used [0x00000000ed080000,0x00000000ed2fcbf0,0x00000000ed300000)
  to   space 2560K, 0% used [0x00000000ece00000,0x00000000ece00000,0x00000000ed080000)
 ParOldGen       total 40960K, used 2695K [0x00000000c3e00000, 0x00000000c6600000, 0x00000000ebf00000)
  object space 40960K, 6% used [0x00000000c3e00000,0x00000000c40a1e58,0x00000000c6600000)
 PSPermGen       total 21504K, used 7678K [0x00000000bec00000, 0x00000000c0100000, 0x00000000c3e00000)
  object space 21504K, 35% used [0x00000000bec00000,0x00000000bf37f9b0,0x00000000c0100000)
}
Event: 1,555 GC heap before
{Heap before GC invocations=3 (full 0):
 PSYoungGen      total 17920K, used 17906K [0x00000000ebf00000, 0x00000000ed300000, 0x0000000100000000)
  eden space 15360K, 100% used [0x00000000ebf00000,0x00000000ece00000,0x00000000ece00000)
  from space 2560K, 99% used [0x00000000ed080000,0x00000000ed2fcbf0,0x00000000ed300000)
  to   space 2560K, 0% used [0x00000000ece00000,0x00000000ece00000,0x00000000ed080000)
 ParOldGen       total 40960K, used 2695K [0x00000000c3e00000, 0x00000000c6600000, 0x00000000ebf00000)
  object space 40960K, 6% used [0x00000000c3e00000,0x00000000c40a1e58,0x00000000c6600000)
 PSPermGen       total 21504K, used 7752K [0x00000000bec00000, 0x00000000c0100000, 0x00000000c3e00000)
  object space 21504K, 36% used [0x00000000bec00000,0x00000000bf3922b8,0x00000000c0100000)
Event: 1,560 GC heap after
Heap after GC invocations=3 (full 0):
 PSYoungGen      total 17920K, used 2534K [0x00000000ebf00000, 0x00000000ee200000, 0x0000000100000000)
  eden space 15360K, 0% used [0x00000000ebf00000,0x00000000ebf00000,0x00000000ece00000)
  from space 2560K, 99% used [0x00000000ece00000,0x00000000ed079af0,0x00000000ed080000)
  to   space 2560K, 0% used [0x00000000edf80000,0x00000000edf80000,0x00000000ee200000)
 ParOldGen       total 40960K, used 3339K [0x00000000c3e00000, 0x00000000c6600000, 0x00000000ebf00000)
  object space 40960K, 8% used [0x00000000c3e00000,0x00000000c4142c68,0x00000000c6600000)
 PSPermGen       total 21504K, used 7752K [0x00000000bec00000, 0x00000000c0100000, 0x00000000c3e00000)
  object space 21504K, 36% used [0x00000000bec00000,0x00000000bf3922b8,0x00000000c0100000)
}
Event: 1,827 GC heap before
{Heap before GC invocations=4 (full 0):
 PSYoungGen      total 17920K, used 17894K [0x00000000ebf00000, 0x00000000ee200000, 0x0000000100000000)
  eden space 15360K, 100% used [0x00000000ebf00000,0x00000000ece00000,0x00000000ece00000)
  from space 2560K, 99% used [0x00000000ece00000,0x00000000ed079af0,0x00000000ed080000)
  to   space 2560K, 0% used [0x00000000edf80000,0x00000000edf80000,0x00000000ee200000)
 ParOldGen       total 40960K, used 3339K [0x00000000c3e00000, 0x00000000c6600000, 0x00000000ebf00000)
  object space 40960K, 8% used [0x00000000c3e00000,0x00000000c4142c68,0x00000000c6600000)
 PSPermGen       total 21504K, used 8482K [0x00000000bec00000, 0x00000000c0100000, 0x00000000c3e00000)
  object space 21504K, 39% used [0x00000000bec00000,0x00000000bf448a38,0x00000000c0100000)
Event: 1,834 GC heap after
Heap after GC invocations=4 (full 0):
 PSYoungGen      total 33280K, used 2559K [0x00000000ebf00000, 0x00000000ee200000, 0x0000000100000000)
  eden space 30720K, 0% used [0x00000000ebf00000,0x00000000ebf00000,0x00000000edd00000)
  from space 2560K, 99% used [0x00000000edf80000,0x00000000ee1fffe0,0x00000000ee200000)
  to   space 2560K, 0% used [0x00000000edd00000,0x00000000edd00000,0x00000000edf80000)
 ParOldGen       total 40960K, used 3882K [0x00000000c3e00000, 0x00000000c6600000, 0x00000000ebf00000)
  object space 40960K, 9% used [0x00000000c3e00000,0x00000000c41caa90,0x00000000c6600000)
 PSPermGen       total 21504K, used 8482K [0x00000000bec00000, 0x00000000c0100000, 0x00000000c3e00000)
  object space 21504K, 39% used [0x00000000bec00000,0x00000000bf448a38,0x00000000c0100000)
}
Event: 2,317 GC heap before
{Heap before GC invocations=5 (full 0):
 PSYoungGen      total 33280K, used 33279K [0x00000000ebf00000, 0x00000000ee200000, 0x0000000100000000)
  eden space 30720K, 100% used [0x00000000ebf00000,0x00000000edd00000,0x00000000edd00000)
  from space 2560K, 99% used [0x00000000edf80000,0x00000000ee1fffe0,0x00000000ee200000)
  to   space 2560K, 0% used [0x00000000edd00000,0x00000000edd00000,0x00000000edf80000)
 ParOldGen       total 40960K, used 3882K [0x00000000c3e00000, 0x00000000c6600000, 0x00000000ebf00000)
  object space 40960K, 9% used [0x00000000c3e00000,0x00000000c41caa90,0x00000000c6600000)
 PSPermGen       total 21504K, used 9716K [0x00000000bec00000, 0x00000000c0100000, 0x00000000c3e00000)
  object space 21504K, 45% used [0x00000000bec00000,0x00000000bf57d178,0x00000000c0100000)
Event: 2,324 GC heap after
Heap after GC invocations=5 (full 0):
 PSYoungGen      total 33280K, used 2543K [0x00000000ebf00000, 0x00000000f0500000, 0x0000000100000000)
  eden space 30720K, 0% used [0x00000000ebf00000,0x00000000ebf00000,0x00000000edd00000)
  from space 2560K, 99% used [0x00000000edd00000,0x00000000edf7bfa0,0x00000000edf80000)
  to   space 5120K, 0% used [0x00000000f0000000,0x00000000f0000000,0x00000000f0500000)
 ParOldGen       total 40960K, used 5473K [0x00000000c3e00000, 0x00000000c6600000, 0x00000000ebf00000)
  object space 40960K, 13% used [0x00000000c3e00000,0x00000000c43585f0,0x00000000c6600000)
 PSPermGen       total 21504K, used 9716K [0x00000000bec00000, 0x00000000c0100000, 0x00000000c3e00000)
  object space 21504K, 45% used [0x00000000bec00000,0x00000000bf57d178,0x00000000c0100000)
}

Deoptimization events (10 events):
Event: 2,313 Thread 0x00007f653000e000 Uncommon trap: reason=bimorphic action=maybe_recompile pc=0x00007f652d0e1b1c method=com.hp.hpl.jena.graph.impl.LiteralLabel.hashCode()I @ 19
Event: 2,351 Thread 0x00007f653000e000 Uncommon trap: reason=unreached action=reinterpret pc=0x00007f652d1417f8 method=java.util.HashMap.getEntry(Ljava/lang/Object;)Ljava/util/HashMap$Entry; @ 10
Event: 2,368 Thread 0x00007f653000e000 Uncommon trap: reason=bimorphic action=maybe_recompile pc=0x00007f652d0d6c98 method=com.hp.hpl.jena.graph.Triple.sameAs(Lcom/hp/hpl/jena/graph/Node;Lcom/hp/hpl/jena/graph/Node;Lcom/hp/hpl/jena/graph/Node;)Z @ 27
Event: 2,368 Thread 0x00007f653000e000 Uncommon trap: reason=class_check action=maybe_recompile pc=0x00007f652d0d6af0 method=com.hp.hpl.jena.graph.Triple.sameAs(Lcom/hp/hpl/jena/graph/Node;Lcom/hp/hpl/jena/graph/Node;Lcom/hp/hpl/jena/graph/Node;)Z @ 5
Event: 2,368 Thread 0x00007f653000e000 Uncommon trap: reason=class_check action=maybe_recompile pc=0x00007f652d0d6af0 method=com.hp.hpl.jena.graph.Triple.sameAs(Lcom/hp/hpl/jena/graph/Node;Lcom/hp/hpl/jena/graph/Node;Lcom/hp/hpl/jena/graph/Node;)Z @ 5
Event: 2,368 Thread 0x00007f653000e000 Uncommon trap: reason=class_check action=maybe_recompile pc=0x00007f652d0d6af0 method=com.hp.hpl.jena.graph.Triple.sameAs(Lcom/hp/hpl/jena/graph/Node;Lcom/hp/hpl/jena/graph/Node;Lcom/hp/hpl/jena/graph/Node;)Z @ 5
Event: 3,508 Thread 0x00007f653000e000 Uncommon trap: reason=class_check action=maybe_recompile pc=0x00007f652d10dd00 method=com.hp.hpl.jena.iri.impl.AbsIRIImpl.hasViolation(Z)Z @ 6
Event: 3,512 Thread 0x00007f653000e000 Uncommon trap: reason=bimorphic action=maybe_recompile pc=0x00007f652d0e1b1c method=com.hp.hpl.jena.graph.impl.LiteralLabel.hashCode()I @ 19
Event: 3,512 Thread 0x00007f653000e000 Uncommon trap: reason=bimorphic action=maybe_recompile pc=0x00007f652d0e1b1c method=com.hp.hpl.jena.graph.impl.LiteralLabel.hashCode()I @ 19
Event: 3,513 Thread 0x00007f653000e000 Uncommon trap: reason=unreached action=reinterpret pc=0x00007f652d082bb8 method=java.util.HashMap.getEntry(Ljava/lang/Object;)Ljava/util/HashMap$Entry; @ 10

Internal exceptions (10 events):
Event: 2,391 Thread 0x00007f653000e000 Threw 0x00000000ec19d208 at /HUDSON/workspace/7u-2-build-linux-amd64/jdk7u55/869/hotspot/src/share/vm/prims/jvm.cpp:1244
Event: 2,392 Thread 0x00007f653000e000 Threw 0x00000000ec1a1750 at /HUDSON/workspace/7u-2-build-linux-amd64/jdk7u55/869/hotspot/src/share/vm/prims/jvm.cpp:1244
Event: 2,392 Thread 0x00007f653000e000 Threw 0x00000000ec1a5da8 at /HUDSON/workspace/7u-2-build-linux-amd64/jdk7u55/869/hotspot/src/share/vm/prims/jvm.cpp:1244
Event: 2,393 Thread 0x00007f653000e000 Threw 0x00000000ec1aa718 at /HUDSON/workspace/7u-2-build-linux-amd64/jdk7u55/869/hotspot/src/share/vm/prims/jvm.cpp:1244
Event: 2,393 Thread 0x00007f653000e000 Threw 0x00000000ec1af138 at /HUDSON/workspace/7u-2-build-linux-amd64/jdk7u55/869/hotspot/src/share/vm/prims/jvm.cpp:1244
Event: 2,394 Thread 0x00007f653000e000 Threw 0x00000000ec1b30f0 at /HUDSON/workspace/7u-2-build-linux-amd64/jdk7u55/869/hotspot/src/share/vm/prims/jvm.cpp:1244
Event: 3,513 Thread 0x00007f653000e000 Implicit null exception at 0x00007f652d0829f2 to 0x00007f652d082ba9
Event: 3,537 Thread 0x00007f653000e000 Threw 0x00000000ec227ea8 at /HUDSON/workspace/7u-2-build-linux-amd64/jdk7u55/869/hotspot/src/share/vm/prims/jvm.cpp:1244
Event: 3,538 Thread 0x00007f653000e000 Threw 0x00000000ec22c100 at /HUDSON/workspace/7u-2-build-linux-amd64/jdk7u55/869/hotspot/src/share/vm/prims/jvm.cpp:1244
Event: 3,543 Thread 0x00007f653000e000 Threw 0x00000000ec3174f0 at /HUDSON/workspace/7u-2-build-linux-amd64/jdk7u55/869/hotspot/src/share/vm/interpreter/interpreterRuntime.cpp:304

Events (10 events):
Event: 31,491 loading class 0x00007f64f8182850
Event: 31,491 loading class 0x00007f64f8182850 done
Event: 31,491 loading class 0x00007f64f8182820
Event: 31,491 loading class 0x00007f64f81827e0
Event: 31,491 loading class 0x00007f64f81827e0 done
Event: 31,491 loading class 0x00007f64f8182820 done
Event: 31,491 Thread 0x00007f6500002000 Thread added: 0x00007f6500002000
Event: 31,492 Thread 0x00007f6500002000 Thread exited: 0x00007f6500002000
Event: 31,494 Thread 0x00007f6530089800 Thread exited: 0x00007f6530089800
Event: 31,494 Executing VM operation: Exit


Dynamic libraries:
00400000-00401000 r-xp 00000000 08:07 918065                             /usr/lib/jvm/java-7-oracle/bin/java
00600000-00601000 rw-p 00000000 08:07 918065                             /usr/lib/jvm/java-7-oracle/bin/java
012f5000-01316000 rw-p 00000000 00:00 0                                  [heap]
bec00000-c0100000 rw-p 00000000 00:00 0 
c0100000-c3e00000 rw-p 00000000 00:00 0 
c3e00000-c6600000 rw-p 00000000 00:00 0 
c6600000-ebf00000 rw-p 00000000 00:00 0 
ebf00000-f0500000 rw-p 00000000 00:00 0 
f0500000-100000000 rw-p 00000000 00:00 0 
7f64e4000000-7f64e4021000 rw-p 00000000 00:00 0 
7f64e4021000-7f64e8000000 ---p 00000000 00:00 0 
7f64ec000000-7f64ec021000 rw-p 00000000 00:00 0 
7f64ec021000-7f64f0000000 ---p 00000000 00:00 0 
7f64f0000000-7f64f0021000 rw-p 00000000 00:00 0 
7f64f0021000-7f64f4000000 ---p 00000000 00:00 0 
7f64f4000000-7f64f4c10000 rw-p 00000000 00:00 0 
7f64f4c10000-7f64f8000000 ---p 00000000 00:00 0 
7f64f8000000-7f64f88c8000 rw-p 00000000 00:00 0 
7f64f88c8000-7f64fc000000 ---p 00000000 00:00 0 
7f64fc000000-7f64fc021000 rw-p 00000000 00:00 0 
7f64fc021000-7f6500000000 ---p 00000000 00:00 0 
7f6500000000-7f6500021000 rw-p 00000000 00:00 0 
7f6500021000-7f6504000000 ---p 00000000 00:00 0 
7f6504000000-7f6504021000 rw-p 00000000 00:00 0 
7f6504021000-7f6508000000 ---p 00000000 00:00 0 
7f6508000000-7f6508e65000 rw-p 00000000 00:00 0 
7f6508e65000-7f650c000000 ---p 00000000 00:00 0 
7f650c000000-7f650c021000 rw-p 00000000 00:00 0 
7f650c021000-7f6510000000 ---p 00000000 00:00 0 
7f6510000000-7f6510021000 rw-p 00000000 00:00 0 
7f6510021000-7f6514000000 ---p 00000000 00:00 0 
7f6514000000-7f6514021000 rw-p 00000000 00:00 0 
7f6514021000-7f6518000000 ---p 00000000 00:00 0 
7f6518000000-7f6518021000 rw-p 00000000 00:00 0 
7f6518021000-7f651c000000 ---p 00000000 00:00 0 
7f651c000000-7f651c021000 rw-p 00000000 00:00 0 
7f651c021000-7f6520000000 ---p 00000000 00:00 0 
7f6520000000-7f6520021000 rw-p 00000000 00:00 0 
7f6520021000-7f6524000000 ---p 00000000 00:00 0 
7f6524000000-7f6524021000 rw-p 00000000 00:00 0 
7f6524021000-7f6528000000 ---p 00000000 00:00 0 
7f65280e0000-7f65280e2000 rw-p 00000000 00:00 0 
7f65280e2000-7f65280e5000 ---p 00000000 00:00 0 
7f65280e5000-7f65281e3000 rw-p 00000000 00:00 0 
7f65281e3000-7f65281f9000 r-xp 00000000 08:07 950866                     /usr/lib/jvm/java-7-oracle/jre/lib/amd64/libnet.so
7f65281f9000-7f65283f9000 ---p 00016000 08:07 950866                     /usr/lib/jvm/java-7-oracle/jre/lib/amd64/libnet.so
7f65283f9000-7f65283fa000 rw-p 00016000 08:07 950866                     /usr/lib/jvm/java-7-oracle/jre/lib/amd64/libnet.so
7f65283fa000-7f652840a000 r-xp 00000000 08:07 950850                     /usr/lib/jvm/java-7-oracle/jre/lib/amd64/libnio.so
7f652840a000-7f652860a000 ---p 00010000 08:07 950850                     /usr/lib/jvm/java-7-oracle/jre/lib/amd64/libnio.so
7f652860a000-7f652860b000 rw-p 00010000 08:07 950850                     /usr/lib/jvm/java-7-oracle/jre/lib/amd64/libnio.so
7f652860b000-7f652860f000 r--s 000f7000 08:07 950793                     /usr/lib/jvm/java-7-oracle/jre/lib/ext/localedata.jar
7f652860f000-7f6528625000 r--s 00110000 08:07 1332748                    /home/dionlan/git/ProjetoAlgoritmoDeInferencia/ProjetoAlgoritmoDeInferencia/WebContent/WEB-INF/lib/xercesImpl.jar
7f6528625000-7f6528627000 r--s 00005000 08:07 1355336                    /home/dionlan/git/ProjetoAlgoritmoDeInferencia/ProjetoAlgoritmoDeInferencia/WebContent/WEB-INF/lib/slf4j-api-1.6.1.jar
7f6528627000-7f652862b000 r--s 00028000 08:07 1355304                    /home/dionlan/git/ProjetoAlgoritmoDeInferencia/ProjetoAlgoritmoDeInferencia/WebContent/WEB-INF/lib/servlet-api.jar
7f652862b000-7f652865a000 r--s 001d0000 08:07 1343785                    /home/dionlan/git/ProjetoAlgoritmoDeInferencia/ProjetoAlgoritmoDeInferencia/WebContent/WEB-INF/lib/protege.jar
7f652865a000-7f6528693000 r--s 00237000 08:07 1348194                    /home/dionlan/git/ProjetoAlgoritmoDeInferencia/ProjetoAlgoritmoDeInferencia/WebContent/WEB-INF/lib/protege-owl.jar
7f6528693000-7f65286e9000 r--s 002f5000 08:07 1332666                    /home/dionlan/git/ProjetoAlgoritmoDeInferencia/ProjetoAlgoritmoDeInferencia/WebContent/WEB-INF/lib/protege-owl-3.4.6.jar
7f65286e9000-7f6528703000 r--s 0019b000 08:07 1339183                    /home/dionlan/git/ProjetoAlgoritmoDeInferencia/ProjetoAlgoritmoDeInferencia/WebContent/WEB-INF/lib/primefaces-3.0.M1.jar
7f6528703000-7f6528709000 r--s 0007e000 08:07 1339184                    /home/dionlan/git/ProjetoAlgoritmoDeInferencia/ProjetoAlgoritmoDeInferencia/WebContent/WEB-INF/lib/postgresql-9.0-801.jdbc4.jar
7f6528709000-7f652870c000 r--s 00020000 08:07 1332753                    /home/dionlan/git/ProjetoAlgoritmoDeInferencia/ProjetoAlgoritmoDeInferencia/WebContent/WEB-INF/lib/owlsyntax.jar
7f652870c000-7f652870d000 r--s 00213000 08:07 1349267                    /home/dionlan/git/ProjetoAlgoritmoDeInferencia/ProjetoAlgoritmoDeInferencia/WebContent/WEB-INF/lib/owlapi-3.2.3.jar.zip
7f652870d000-7f652870f000 r--s 00003000 08:07 1349263                    /home/dionlan/git/ProjetoAlgoritmoDeInferencia/ProjetoAlgoritmoDeInferencia/WebContent/WEB-INF/lib/orphanNodesAlg-3.4.6.jar
7f652870f000-7f6528718000 r--s 000e3000 08:07 1338735                    /home/dionlan/git/ProjetoAlgoritmoDeInferencia/ProjetoAlgoritmoDeInferencia/WebContent/WEB-INF/lib/mysql-connector-java-5.1.31-bin.jar
7f6528718000-7f6528719000 r--s 00002000 08:07 1355342                    /home/dionlan/git/ProjetoAlgoritmoDeInferencia/ProjetoAlgoritmoDeInferencia/WebContent/WEB-INF/lib/jta-1.1.jar
7f6528719000-7f652871f000 r--s 00043000 08:07 1342199                    /home/dionlan/git/ProjetoAlgoritmoDeInferencia/ProjetoAlgoritmoDeInferencia/WebContent/WEB-INF/lib/jsoup-1.7.3.jar
7f652871f000-7f652873c000 r--s 00236000 08:07 1349444                    /home/dionlan/git/ProjetoAlgoritmoDeInferencia/ProjetoAlgoritmoDeInferencia/WebContent/WEB-INF/lib/jsf-impl-2.2.7.jar
7f652873c000-7f6528749000 r--s 0009d000 08:07 1349443                    /home/dionlan/git/ProjetoAlgoritmoDeInferencia/ProjetoAlgoritmoDeInferencia/WebContent/WEB-INF/lib/jsf-api-2.2.7.jar
7f6528749000-7f6528772000 r--s 001f5000 08:07 1344887                    /home/dionlan/git/ProjetoAlgoritmoDeInferencia/ProjetoAlgoritmoDeInferencia/WebContent/WEB-INF/lib/jena.jar
7f6528772000-7f652877b000 r--s 00092000 08:07 1355346                    /home/dionlan/git/ProjetoAlgoritmoDeInferencia/ProjetoAlgoritmoDeInferencia/WebContent/WEB-INF/lib/javassist-3.12.0.GA.jar
7f652877b000-7f6528793000 r--s 002e9000 08:07 1332699                    /home/dionlan/git/ProjetoAlgoritmoDeInferencia/ProjetoAlgoritmoDeInferencia/WebContent/WEB-INF/lib/icu4j_3_4.jar
7f6528793000-7f65287da000 r--s 003a6000 08:07 1328734                    /home/dionlan/git/ProjetoAlgoritmoDeInferencia/ProjetoAlgoritmoDeInferencia/WebContent/WEB-INF/lib/hibernate3.jar
7f65287da000-7f65287f5000 r--s 0013d000 08:07 1349266                    /home/dionlan/git/ProjetoAlgoritmoDeInferencia/ProjetoAlgoritmoDeInferencia/WebContent/WEB-INF/lib/arq-3.4.6.jar
7f65287f5000-7f65287f6000 ---p 00000000 00:00 0 
7f65287f6000-7f65288f6000 rw-p 00000000 00:00 0 
7f65288f6000-7f65288f9000 ---p 00000000 00:00 0 
7f65288f9000-7f65289f7000 rw-p 00000000 00:00 0                          [stack:14279]
7f65289f7000-7f65289fa000 ---p 00000000 00:00 0 
7f65289fa000-7f6528af8000 rw-p 00000000 00:00 0                          [stack:14278]
7f6528af8000-7f6528afb000 ---p 00000000 00:00 0 
7f6528afb000-7f6528bf9000 rw-p 00000000 00:00 0                          [stack:14277]
7f6528bf9000-7f6528bfc000 ---p 00000000 00:00 0 
7f6528bfc000-7f6528cfa000 rw-p 00000000 00:00 0                          [stack:14292]
7f6528cfa000-7f6528cfd000 ---p 00000000 00:00 0 
7f6528cfd000-7f6528dfb000 rw-p 00000000 00:00 0                          [stack:14271]
7f6528dfb000-7f6528dfe000 ---p 00000000 00:00 0 
7f6528dfe000-7f6528efc000 rw-p 00000000 00:00 0                          [stack:14269]
7f6528efc000-7f6528f00000 r-xp 00000000 08:07 950863                     /usr/lib/jvm/java-7-oracle/jre/lib/amd64/libdt_socket.so
7f6528f00000-7f65290ff000 ---p 00004000 08:07 950863                     /usr/lib/jvm/java-7-oracle/jre/lib/amd64/libdt_socket.so
7f65290ff000-7f6529100000 rw-p 00003000 08:07 950863                     /usr/lib/jvm/java-7-oracle/jre/lib/amd64/libdt_socket.so
7f6529100000-7f6529103000 ---p 00000000 00:00 0 
7f6529103000-7f6529201000 rw-p 00000000 00:00 0 
7f6529201000-7f6529204000 ---p 00000000 00:00 0 
7f6529204000-7f6529302000 rw-p 00000000 00:00 0                          [stack:14266]
7f6529302000-7f6529305000 ---p 00000000 00:00 0 
7f6529305000-7f6529403000 rw-p 00000000 00:00 0                          [stack:14265]
7f6529403000-7f6529404000 ---p 00000000 00:00 0 
7f6529404000-7f652a4b8000 rw-p 00000000 00:00 0                          [stack:14264]
7f652a4b8000-7f652a676000 r--s 039d0000 08:07 951416                     /usr/lib/jvm/java-7-oracle/jre/lib/rt.jar
7f652a676000-7f652c9f1000 rw-p 00000000 00:00 0 
7f652c9f1000-7f652c9f2000 ---p 00000000 00:00 0 
7f652c9f2000-7f652caf2000 rw-p 00000000 00:00 0                          [stack:14258]
7f652caf2000-7f652caf3000 ---p 00000000 00:00 0 
7f652caf3000-7f652cbf3000 rw-p 00000000 00:00 0                          [stack:14257]
7f652cbf3000-7f652cbf4000 ---p 00000000 00:00 0 
7f652cbf4000-7f652ccf4000 rw-p 00000000 00:00 0                          [stack:14256]
7f652ccf4000-7f652ccf5000 ---p 00000000 00:00 0 
7f652ccf5000-7f652ce00000 rw-p 00000000 00:00 0                          [stack:14255]
7f652ce00000-7f652ce1e000 rw-p 00000000 00:00 0 
7f652ce1e000-7f652ce32000 rw-p 00000000 00:00 0 
7f652ce32000-7f652cf5e000 rw-p 00000000 00:00 0 
7f652cf5e000-7f652cf82000 rw-p 00000000 00:00 0 
7f652cf82000-7f652cfff000 rw-p 00000000 00:00 0 
7f652cfff000-7f652d000000 rw-p 00000000 00:00 0 
7f652d000000-7f652d270000 rwxp 00000000 00:00 0 
7f652d270000-7f653058e000 rw-p 00000000 00:00 0 
7f653058e000-7f6534000000 ---p 00000000 00:00 0 
7f6534000000-7f6534002000 r--s 00023000 08:07 1332704                    /home/dionlan/git/ProjetoAlgoritmoDeInferencia/ProjetoAlgoritmoDeInferencia/WebContent/WEB-INF/lib/iri.jar
7f6534002000-7f6534007000 r--s 00014000 08:07 1355238                    /home/dionlan/git/ProjetoAlgoritmoDeInferencia/ProjetoAlgoritmoDeInferencia/WebContent/WEB-INF/lib/hibernate-jpa-2.0-api-1.0.0.Final.jar
7f6534007000-7f653400c000 r--s 00048000 08:07 1355249                    /home/dionlan/git/ProjetoAlgoritmoDeInferencia/ProjetoAlgoritmoDeInferencia/WebContent/WEB-INF/lib/dom4j-1.6.1.jar
7f653400c000-7f653408a000 rw-p 00000000 00:00 0 
7f653408a000-7f65340a8000 rw-p 00000000 00:00 0 
7f65340a8000-7f65340bc000 rw-p 00000000 00:00 0 
7f65340bc000-7f65341e9000 rw-p 00000000 00:00 0 
7f65341e9000-7f6534203000 r-xp 00000000 08:07 950813                     /usr/lib/jvm/java-7-oracle/jre/lib/amd64/libzip.so
7f6534203000-7f6534403000 ---p 0001a000 08:07 950813                     /usr/lib/jvm/java-7-oracle/jre/lib/amd64/libzip.so
7f6534403000-7f6534404000 rw-p 0001a000 08:07 950813                     /usr/lib/jvm/java-7-oracle/jre/lib/amd64/libzip.so
7f6534404000-7f6534410000 r-xp 00000000 08:07 657071                     /lib/x86_64-linux-gnu/libnss_files-2.17.so
7f6534410000-7f653460f000 ---p 0000c000 08:07 657071                     /lib/x86_64-linux-gnu/libnss_files-2.17.so
7f653460f000-7f6534610000 r--p 0000b000 08:07 657071                     /lib/x86_64-linux-gnu/libnss_files-2.17.so
7f6534610000-7f6534611000 rw-p 0000c000 08:07 657071                     /lib/x86_64-linux-gnu/libnss_files-2.17.so
7f6534611000-7f653461c000 r-xp 00000000 08:07 657075                     /lib/x86_64-linux-gnu/libnss_nis-2.17.so
7f653461c000-7f653481b000 ---p 0000b000 08:07 657075                     /lib/x86_64-linux-gnu/libnss_nis-2.17.so
7f653481b000-7f653481c000 r--p 0000a000 08:07 657075                     /lib/x86_64-linux-gnu/libnss_nis-2.17.so
7f653481c000-7f653481d000 rw-p 0000b000 08:07 657075                     /lib/x86_64-linux-gnu/libnss_nis-2.17.so
7f653481d000-7f6534834000 r-xp 00000000 08:07 657065                     /lib/x86_64-linux-gnu/libnsl-2.17.so
7f6534834000-7f6534a33000 ---p 00017000 08:07 657065                     /lib/x86_64-linux-gnu/libnsl-2.17.so
7f6534a33000-7f6534a34000 r--p 00016000 08:07 657065                     /lib/x86_64-linux-gnu/libnsl-2.17.so
7f6534a34000-7f6534a35000 rw-p 00017000 08:07 657065                     /lib/x86_64-linux-gnu/libnsl-2.17.so
7f6534a35000-7f6534a37000 rw-p 00000000 00:00 0 
7f6534a37000-7f6534a3f000 r-xp 00000000 08:07 657067                     /lib/x86_64-linux-gnu/libnss_compat-2.17.so
7f6534a3f000-7f6534c3e000 ---p 00008000 08:07 657067                     /lib/x86_64-linux-gnu/libnss_compat-2.17.so
7f6534c3e000-7f6534c3f000 r--p 00007000 08:07 657067                     /lib/x86_64-linux-gnu/libnss_compat-2.17.so
7f6534c3f000-7f6534c40000 rw-p 00008000 08:07 657067                     /lib/x86_64-linux-gnu/libnss_compat-2.17.so
7f6534c40000-7f6535323000 r--p 00000000 08:07 921959                     /usr/lib/locale/locale-archive
7f6535323000-7f6535326000 r-xp 00000000 08:07 950814                     /usr/lib/jvm/java-7-oracle/jre/lib/amd64/libnpt.so
7f6535326000-7f6535525000 ---p 00003000 08:07 950814                     /usr/lib/jvm/java-7-oracle/jre/lib/amd64/libnpt.so
7f6535525000-7f6535526000 rw-p 00002000 08:07 950814                     /usr/lib/jvm/java-7-oracle/jre/lib/amd64/libnpt.so
7f6535526000-7f653555f000 r-xp 00000000 08:07 950847                     /usr/lib/jvm/java-7-oracle/jre/lib/amd64/libjdwp.so
7f653555f000-7f653575f000 ---p 00039000 08:07 950847                     /usr/lib/jvm/java-7-oracle/jre/lib/amd64/libjdwp.so
7f653575f000-7f6535760000 rw-p 00039000 08:07 950847                     /usr/lib/jvm/java-7-oracle/jre/lib/amd64/libjdwp.so
7f6535760000-7f6535761000 rw-p 00000000 00:00 0 
7f6535761000-7f653578a000 r-xp 00000000 08:07 950836                     /usr/lib/jvm/java-7-oracle/jre/lib/amd64/libjava.so
7f653578a000-7f653598a000 ---p 00029000 08:07 950836                     /usr/lib/jvm/java-7-oracle/jre/lib/amd64/libjava.so
7f653598a000-7f653598c000 rw-p 00029000 08:07 950836                     /usr/lib/jvm/java-7-oracle/jre/lib/amd64/libjava.so
7f653598c000-7f6535999000 r-xp 00000000 08:07 950848                     /usr/lib/jvm/java-7-oracle/jre/lib/amd64/libverify.so
7f6535999000-7f6535b98000 ---p 0000d000 08:07 950848                     /usr/lib/jvm/java-7-oracle/jre/lib/amd64/libverify.so
7f6535b98000-7f6535b9a000 rw-p 0000c000 08:07 950848                     /usr/lib/jvm/java-7-oracle/jre/lib/amd64/libverify.so
7f6535b9a000-7f6535ba1000 r-xp 00000000 08:07 657118                     /lib/x86_64-linux-gnu/librt-2.17.so
7f6535ba1000-7f6535da0000 ---p 00007000 08:07 657118                     /lib/x86_64-linux-gnu/librt-2.17.so
7f6535da0000-7f6535da1000 r--p 00006000 08:07 657118                     /lib/x86_64-linux-gnu/librt-2.17.so
7f6535da1000-7f6535da2000 rw-p 00007000 08:07 657118                     /lib/x86_64-linux-gnu/librt-2.17.so
7f6535da2000-7f6535ea5000 r-xp 00000000 08:07 657046                     /lib/x86_64-linux-gnu/libm-2.17.so
7f6535ea5000-7f65360a4000 ---p 00103000 08:07 657046                     /lib/x86_64-linux-gnu/libm-2.17.so
7f65360a4000-7f65360a5000 r--p 00102000 08:07 657046                     /lib/x86_64-linux-gnu/libm-2.17.so
7f65360a5000-7f65360a6000 rw-p 00103000 08:07 657046                     /lib/x86_64-linux-gnu/libm-2.17.so
7f65360a6000-7f6536c08000 r-xp 00000000 08:07 950830                     /usr/lib/jvm/java-7-oracle/jre/lib/amd64/server/libjvm.so
7f6536c08000-7f6536e08000 ---p 00b62000 08:07 950830                     /usr/lib/jvm/java-7-oracle/jre/lib/amd64/server/libjvm.so
7f6536e08000-7f6536ecb000 rw-p 00b62000 08:07 950830                     /usr/lib/jvm/java-7-oracle/jre/lib/amd64/server/libjvm.so
7f6536ecb000-7f6536f0c000 rw-p 00000000 00:00 0 
7f6536f0c000-7f65370c9000 r-xp 00000000 08:07 656995                     /lib/x86_64-linux-gnu/libc-2.17.so
7f65370c9000-7f65372c9000 ---p 001bd000 08:07 656995                     /lib/x86_64-linux-gnu/libc-2.17.so
7f65372c9000-7f65372cd000 r--p 001bd000 08:07 656995                     /lib/x86_64-linux-gnu/libc-2.17.so
7f65372cd000-7f65372cf000 rw-p 001c1000 08:07 656995                     /lib/x86_64-linux-gnu/libc-2.17.so
7f65372cf000-7f65372d4000 rw-p 00000000 00:00 0 
7f65372d4000-7f65372d7000 r-xp 00000000 08:07 657010                     /lib/x86_64-linux-gnu/libdl-2.17.so
7f65372d7000-7f65374d6000 ---p 00003000 08:07 657010                     /lib/x86_64-linux-gnu/libdl-2.17.so
7f65374d6000-7f65374d7000 r--p 00002000 08:07 657010                     /lib/x86_64-linux-gnu/libdl-2.17.so
7f65374d7000-7f65374d8000 rw-p 00003000 08:07 657010                     /lib/x86_64-linux-gnu/libdl-2.17.so
7f65374d8000-7f65374ee000 r-xp 00000000 08:07 948668                     /usr/lib/jvm/java-7-oracle/lib/amd64/jli/libjli.so
7f65374ee000-7f65376ee000 ---p 00016000 08:07 948668                     /usr/lib/jvm/java-7-oracle/lib/amd64/jli/libjli.so
7f65376ee000-7f65376ef000 rw-p 00016000 08:07 948668                     /usr/lib/jvm/java-7-oracle/lib/amd64/jli/libjli.so
7f65376ef000-7f6537706000 r-xp 00000000 08:07 657110                     /lib/x86_64-linux-gnu/libpthread-2.17.so
7f6537706000-7f6537906000 ---p 00017000 08:07 657110                     /lib/x86_64-linux-gnu/libpthread-2.17.so
7f6537906000-7f6537907000 r--p 00017000 08:07 657110                     /lib/x86_64-linux-gnu/libpthread-2.17.so
7f6537907000-7f6537908000 rw-p 00018000 08:07 657110                     /lib/x86_64-linux-gnu/libpthread-2.17.so
7f6537908000-7f653790c000 rw-p 00000000 00:00 0 
7f653790c000-7f653792f000 r-xp 00000000 08:07 656971                     /lib/x86_64-linux-gnu/ld-2.17.so
7f653792f000-7f6537930000 r--s 00005000 08:07 1349258                    /home/dionlan/git/ProjetoAlgoritmoDeInferencia/ProjetoAlgoritmoDeInferencia/WebContent/WEB-INF/lib/json-simple-1.1.1.jar
7f6537930000-7f6537934000 r--s 0001b000 08:07 1349264                    /home/dionlan/git/ProjetoAlgoritmoDeInferencia/ProjetoAlgoritmoDeInferencia/WebContent/WEB-INF/lib/concurrent-3.4.6.jar
7f6537934000-7f6537953000 rw-p 00000000 00:00 0 
7f6537953000-7f6537a09000 rw-p 00000000 00:00 0 
7f6537a09000-7f6537a0a000 ---p 00000000 00:00 0 
7f6537a0a000-7f6537b0e000 rw-p 00000000 00:00 0                          [stack:14254]
7f6537b0e000-7f6537b0f000 r--s 00007000 08:07 1349468                    /home/dionlan/git/ProjetoAlgoritmoDeInferencia/ProjetoAlgoritmoDeInferencia/WebContent/WEB-INF/lib/excite-bike-1.0.1.jar
7f6537b0f000-7f6537b10000 r--s 0000c000 08:07 1332645                    /home/dionlan/git/ProjetoAlgoritmoDeInferencia/ProjetoAlgoritmoDeInferencia/WebContent/WEB-INF/lib/commons-logging-1.1.jar
7f6537b10000-7f6537b1e000 r--s 0007f000 08:07 1349437                    /home/dionlan/git/ProjetoAlgoritmoDeInferencia/ProjetoAlgoritmoDeInferencia/WebContent/WEB-INF/lib/commons-collections-3.2.1.jar
7f6537b1e000-7f6537b22000 r--s 00022000 08:07 1349265                    /home/dionlan/git/ProjetoAlgoritmoDeInferencia/ProjetoAlgoritmoDeInferencia/WebContent/WEB-INF/lib/arq-extra-3.4.6.jar
7f6537b22000-7f6537b2a000 rw-s 00000000 08:07 652866                     /tmp/hsperfdata_dionlan/14252
7f6537b2a000-7f6537b2b000 rw-p 00000000 00:00 0 
7f6537b2b000-7f6537b2c000 ---p 00000000 00:00 0 
7f6537b2c000-7f6537b2e000 rw-p 00000000 00:00 0 
7f6537b2e000-7f6537b2f000 r--p 00022000 08:07 656971                     /lib/x86_64-linux-gnu/ld-2.17.so
7f6537b2f000-7f6537b31000 rw-p 00023000 08:07 656971                     /lib/x86_64-linux-gnu/ld-2.17.so
7fffc44ea000-7fffc450c000 rw-p 00000000 00:00 0                          [stack]
7fffc4597000-7fffc4599000 r-xp 00000000 00:00 0                          [vdso]
ffffffffff600000-ffffffffff601000 r-xp 00000000 00:00 0                  [vsyscall]

VM Arguments:
jvm_args: -agentlib:jdwp=transport=dt_socket,suspend=y,address=localhost:48208 -Dfile.encoding=UTF-8 
java_command: br.com.algoritmo.aplicacao.TrataString
Launcher Type: SUN_STANDARD

Environment Variables:
PATH=/usr/lib/lightdm/lightdm:/usr/local/sbin:/usr/local/bin:/usr/sbin:/usr/bin:/sbin:/bin:/usr/games:/usr/local/games:/home/dionlan/.rvm/bin
SHELL=/bin/bash
DISPLAY=:0.0

Signal Handlers:
SIGSEGV: [libjvm.so+0x993980], sa_mask[0]=0x7ffbfeff, sa_flags=0x10000004
SIGBUS: [libjvm.so+0x993980], sa_mask[0]=0x7ffbfeff, sa_flags=0x10000004
SIGFPE: [libjvm.so+0x8106e0], sa_mask[0]=0x7ffbfeff, sa_flags=0x10000004
SIGPIPE: [libjvm.so+0x8106e0], sa_mask[0]=0x7ffbfeff, sa_flags=0x10000004
SIGXFSZ: [libjvm.so+0x8106e0], sa_mask[0]=0x7ffbfeff, sa_flags=0x10000004
SIGILL: [libjvm.so+0x8106e0], sa_mask[0]=0x7ffbfeff, sa_flags=0x10000004
SIGUSR1: SIG_DFL, sa_mask[0]=0x00000000, sa_flags=0x00000000
SIGUSR2: [libjvm.so+0x811bd0], sa_mask[0]=0x00000004, sa_flags=0x10000004
SIGHUP: [libjvm.so+0x812b40], sa_mask[0]=0x7ffbfeff, sa_flags=0x10000004
SIGINT: [libjvm.so+0x812b40], sa_mask[0]=0x7ffbfeff, sa_flags=0x10000004
SIGTERM: [libjvm.so+0x812b40], sa_mask[0]=0x7ffbfeff, sa_flags=0x10000004
SIGQUIT: [libjvm.so+0x812b40], sa_mask[0]=0x7ffbfeff, sa_flags=0x10000004


---------------  S Y S T E M  ---------------

OS:wheezy/sid

uname:Linux 3.11.0-20-generic #35-Ubuntu SMP Fri May 2 21:32:49 UTC 2014 x86_64
libc:glibc 2.17 NPTL 2.17 
rlimit: STACK 8192k, CORE 0k, NPROC 30189, NOFILE 4096, AS infinity
load average:1,38 2,34 2,22

/proc/meminfo:
MemTotal:        3938096 kB
MemFree:          562128 kB
Buffers:           58192 kB
Cached:          1228388 kB
SwapCached:           20 kB
Active:          2167312 kB
Inactive:        1007000 kB
Active(anon):    1649232 kB
Inactive(anon):   621936 kB
Active(file):     518080 kB
Inactive(file):   385064 kB
Unevictable:          68 kB
Mlocked:              68 kB
SwapTotal:       2929660 kB
SwapFree:        2929132 kB
Dirty:               224 kB
Writeback:             0 kB
AnonPages:       1887936 kB
Mapped:           296648 kB
Shmem:            383280 kB
Slab:              99040 kB
SReclaimable:      60892 kB
SUnreclaim:        38148 kB
KernelStack:        4912 kB
PageTables:        40836 kB
NFS_Unstable:          0 kB
Bounce:                0 kB
WritebackTmp:          0 kB
CommitLimit:     4898708 kB
Committed_AS:    6503080 kB
VmallocTotal:   34359738367 kB
VmallocUsed:      415984 kB
VmallocChunk:   34359314044 kB
HardwareCorrupted:     0 kB
AnonHugePages:         0 kB
HugePages_Total:       0
HugePages_Free:        0
HugePages_Rsvd:        0
HugePages_Surp:        0
Hugepagesize:       2048 kB
DirectMap4k:       54016 kB
DirectMap2M:     4036608 kB


CPU:total 4 (2 cores per cpu, 2 threads per core) family 6 model 58 stepping 9, cmov, cx8, fxsr, mmx, sse, sse2, sse3, ssse3, sse4.1, sse4.2, popcnt, avx, aes, erms, ht, tsc, tscinvbit, tscinv

/proc/cpuinfo:
processor	: 0
vendor_id	: GenuineIntel
cpu family	: 6
model		: 58
model name	: Intel(R) Core(TM) i5-3317U CPU @ 1.70GHz
stepping	: 9
microcode	: 0x15
cpu MHz		: 782.000
cache size	: 3072 KB
physical id	: 0
siblings	: 4
core id		: 0
cpu cores	: 2
apicid		: 0
initial apicid	: 0
fpu		: yes
fpu_exception	: yes
cpuid level	: 13
wp		: yes
flags		: fpu vme de pse tsc msr pae mce cx8 apic sep mtrr pge mca cmov pat pse36 clflush dts acpi mmx fxsr sse sse2 ss ht tm pbe syscall nx rdtscp lm constant_tsc arch_perfmon pebs bts rep_good nopl xtopology nonstop_tsc aperfmperf eagerfpu pni pclmulqdq dtes64 monitor ds_cpl vmx est tm2 ssse3 cx16 xtpr pdcm pcid sse4_1 sse4_2 x2apic popcnt tsc_deadline_timer aes xsave avx f16c rdrand lahf_lm ida arat epb xsaveopt pln pts dtherm tpr_shadow vnmi flexpriority ept vpid fsgsbase smep erms
bogomips	: 3392.14
clflush size	: 64
cache_alignment	: 64
address sizes	: 36 bits physical, 48 bits virtual
power management:

processor	: 1
vendor_id	: GenuineIntel
cpu family	: 6
model		: 58
model name	: Intel(R) Core(TM) i5-3317U CPU @ 1.70GHz
stepping	: 9
microcode	: 0x15
cpu MHz		: 1701.000
cache size	: 3072 KB
physical id	: 0
siblings	: 4
core id		: 0
cpu cores	: 2
apicid		: 1
initial apicid	: 1
fpu		: yes
fpu_exception	: yes
cpuid level	: 13
wp		: yes
flags		: fpu vme de pse tsc msr pae mce cx8 apic sep mtrr pge mca cmov pat pse36 clflush dts acpi mmx fxsr sse sse2 ss ht tm pbe syscall nx rdtscp lm constant_tsc arch_perfmon pebs bts rep_good nopl xtopology nonstop_tsc aperfmperf eagerfpu pni pclmulqdq dtes64 monitor ds_cpl vmx est tm2 ssse3 cx16 xtpr pdcm pcid sse4_1 sse4_2 x2apic popcnt tsc_deadline_timer aes xsave avx f16c rdrand lahf_lm ida arat epb xsaveopt pln pts dtherm tpr_shadow vnmi flexpriority ept vpid fsgsbase smep erms
bogomips	: 3392.14
clflush size	: 64
cache_alignment	: 64
address sizes	: 36 bits physical, 48 bits virtual
power management:

processor	: 2
vendor_id	: GenuineIntel
cpu family	: 6
model		: 58
model name	: Intel(R) Core(TM) i5-3317U CPU @ 1.70GHz
stepping	: 9
microcode	: 0x15
cpu MHz		: 782.000
cache size	: 3072 KB
physical id	: 0
siblings	: 4
core id		: 1
cpu cores	: 2
apicid		: 2
initial apicid	: 2
fpu		: yes
fpu_exception	: yes
cpuid level	: 13
wp		: yes
flags		: fpu vme de pse tsc msr pae mce cx8 apic sep mtrr pge mca cmov pat pse36 clflush dts acpi mmx fxsr sse sse2 ss ht tm pbe syscall nx rdtscp lm constant_tsc arch_perfmon pebs bts rep_good nopl xtopology nonstop_tsc aperfmperf eagerfpu pni pclmulqdq dtes64 monitor ds_cpl vmx est tm2 ssse3 cx16 xtpr pdcm pcid sse4_1 sse4_2 x2apic popcnt tsc_deadline_timer aes xsave avx f16c rdrand lahf_lm ida arat epb xsaveopt pln pts dtherm tpr_shadow vnmi flexpriority ept vpid fsgsbase smep erms
bogomips	: 3392.14
clflush size	: 64
cache_alignment	: 64
address sizes	: 36 bits physical, 48 bits virtual
power management:

processor	: 3
vendor_id	: GenuineIntel
cpu family	: 6
model		: 58
model name	: Intel(R) Core(TM) i5-3317U CPU @ 1.70GHz
stepping	: 9
microcode	: 0x15
cpu MHz		: 782.000
cache size	: 3072 KB
physical id	: 0
siblings	: 4
core id		: 1
cpu cores	: 2
apicid		: 3
initial apicid	: 3
fpu		: yes
fpu_exception	: yes
cpuid level	: 13
wp		: yes
flags		: fpu vme de pse tsc msr pae mce cx8 apic sep mtrr pge mca cmov pat pse36 clflush dts acpi mmx fxsr sse sse2 ss ht tm pbe syscall nx rdtscp lm constant_tsc arch_perfmon pebs bts rep_good nopl xtopology nonstop_tsc aperfmperf eagerfpu pni pclmulqdq dtes64 monitor ds_cpl vmx est tm2 ssse3 cx16 xtpr pdcm pcid sse4_1 sse4_2 x2apic popcnt tsc_deadline_timer aes xsave avx f16c rdrand lahf_lm ida arat epb xsaveopt pln pts dtherm tpr_shadow vnmi flexpriority ept vpid fsgsbase smep erms
bogomips	: 3392.14
clflush size	: 64
cache_alignment	: 64
address sizes	: 36 bits physical, 48 bits virtual
power management:



Memory: 4k page, physical 3938096k(562128k free), swap 2929660k(2929132k free)

vm_info: Java HotSpot(TM) 64-Bit Server VM (24.55-b03) for linux-amd64 JRE (1.7.0_55-b13), built on Mar 17 2014 19:43:58 by "java_re" with gcc 4.3.0 20080428 (Red Hat 4.3.0-8)

time: Fri Nov  7 22:55:30 2014
elapsed time: 31 seconds

